"is_built_lib_pycaml" "true"
"built_lib_pycaml" "/Users/sachour/Documents/git/research/biocadence/solver/symcaml/git-repo/symcaml/deps/pycaml/_build/libpycaml_stubs.a"
"built_lib_pycaml" "/Users/sachour/Documents/git/research/biocadence/solver/symcaml/git-repo/symcaml/deps/pycaml/_build/dllpycaml_stubs.so"
"built_lib_pycaml" "/Users/sachour/Documents/git/research/biocadence/solver/symcaml/git-repo/symcaml/deps/pycaml/_build/pycaml.cma"
"built_lib_pycaml" "/Users/sachour/Documents/git/research/biocadence/solver/symcaml/git-repo/symcaml/deps/pycaml/_build/pycaml.cmxa"
"built_lib_pycaml" "/Users/sachour/Documents/git/research/biocadence/solver/symcaml/git-repo/symcaml/deps/pycaml/_build/pycaml.a"
"built_lib_pycaml" "/Users/sachour/Documents/git/research/biocadence/solver/symcaml/git-repo/symcaml/deps/pycaml/_build/pycaml.cmxs"
"built_lib_pycaml" "/Users/sachour/Documents/git/research/biocadence/solver/symcaml/git-repo/symcaml/deps/pycaml/_build/pycaml.cmi"
"built_lib_pycaml" "/Users/sachour/Documents/git/research/biocadence/solver/symcaml/git-repo/symcaml/deps/pycaml/_build/pycaml.cmt"
"built_lib_pycaml" "/Users/sachour/Documents/git/research/biocadence/solver/symcaml/git-repo/symcaml/deps/pycaml/_build/pycaml.annot"
"built_lib_pycaml" "/Users/sachour/Documents/git/research/biocadence/solver/symcaml/git-repo/symcaml/deps/pycaml/_build/pycaml.cmx"
"is_built_lib_pycaml" "true"
"built_lib_pycaml" "/Users/sachour/Documents/git/research/biocadence/solver/symcaml/git-repo/symcaml/deps/pycaml/_build/libpycaml_stubs.a"
"built_lib_pycaml" "/Users/sachour/Documents/git/research/biocadence/solver/symcaml/git-repo/symcaml/deps/pycaml/_build/dllpycaml_stubs.so"
"built_lib_pycaml" "/Users/sachour/Documents/git/research/biocadence/solver/symcaml/git-repo/symcaml/deps/pycaml/_build/pycaml.cma"
"built_lib_pycaml" "/Users/sachour/Documents/git/research/biocadence/solver/symcaml/git-repo/symcaml/deps/pycaml/_build/pycaml.cmxa"
"built_lib_pycaml" "/Users/sachour/Documents/git/research/biocadence/solver/symcaml/git-repo/symcaml/deps/pycaml/_build/pycaml.a"
"built_lib_pycaml" "/Users/sachour/Documents/git/research/biocadence/solver/symcaml/git-repo/symcaml/deps/pycaml/_build/pycaml.cmxs"
"built_lib_pycaml" "/Users/sachour/Documents/git/research/biocadence/solver/symcaml/git-repo/symcaml/deps/pycaml/_build/pycaml.cmi"
"built_lib_pycaml" "/Users/sachour/Documents/git/research/biocadence/solver/symcaml/git-repo/symcaml/deps/pycaml/_build/pycaml.cmt"
"built_lib_pycaml" "/Users/sachour/Documents/git/research/biocadence/solver/symcaml/git-repo/symcaml/deps/pycaml/_build/pycaml.annot"
"built_lib_pycaml" "/Users/sachour/Documents/git/research/biocadence/solver/symcaml/git-repo/symcaml/deps/pycaml/_build/pycaml.cmx"
